<?xml version="1.0" encoding="UTF-8"?>
<testsuite xmlns:xsi="http://www.w3.org/2001/XMLSchema-instance" xsi:noNamespaceSchemaLocation="https://maven.apache.org/surefire/maven-surefire-plugin/xsd/surefire-test-report.xsd" name="co.com.avianca.runners.ReserveFlightsRunner" time="151.638" tests="3" errors="2" skipped="0" failures="0">
  <properties>
    <property name="sun.desktop" value="gnome"/>
    <property name="awt.toolkit" value="sun.awt.X11.XToolkit"/>
    <property name="java.specification.version" value="11"/>
    <property name="sun.cpu.isalist" value=""/>
    <property name="sun.jnu.encoding" value="UTF-8"/>
    <property name="java.class.path" value="/home/edison/Documentos/AutomationAvianca/target/test-classes:/home/edison/Documentos/AutomationAvianca/target/classes:/home/edison/.m2/repository/org/projectlombok/lombok/1.18.12/lombok-1.18.12.jar:/home/edison/.m2/repository/junit/junit/4.13/junit-4.13.jar:/home/edison/.m2/repository/org/hamcrest/hamcrest-core/1.3/hamcrest-core-1.3.jar:/home/edison/.m2/repository/org/assertj/assertj-core/3.15.0/assertj-core-3.15.0.jar:/home/edison/.m2/repository/net/serenity-bdd/serenity-core/2.1.4/serenity-core-2.1.4.jar:/home/edison/.m2/repository/net/bytebuddy/byte-buddy/1.10.1/byte-buddy-1.10.1.jar:/home/edison/.m2/repository/net/bytebuddy/byte-buddy-agent/1.10.1/byte-buddy-agent-1.10.1.jar:/home/edison/.m2/repository/com/google/guava/guava/25.0-jre/guava-25.0-jre.jar:/home/edison/.m2/repository/com/google/code/findbugs/jsr305/1.3.9/jsr305-1.3.9.jar:/home/edison/.m2/repository/org/checkerframework/checker-compat-qual/2.0.0/checker-compat-qual-2.0.0.jar:/home/edison/.m2/repository/com/google/errorprone/error_prone_annotations/2.1.3/error_prone_annotations-2.1.3.jar:/home/edison/.m2/repository/com/google/j2objc/j2objc-annotations/1.1/j2objc-annotations-1.1.jar:/home/edison/.m2/repository/org/codehaus/mojo/animal-sniffer-annotations/1.14/animal-sniffer-annotations-1.14.jar:/home/edison/.m2/repository/com/google/inject/guice/4.2.2/guice-4.2.2.jar:/home/edison/.m2/repository/javax/inject/javax.inject/1/javax.inject-1.jar:/home/edison/.m2/repository/aopalliance/aopalliance/1.0/aopalliance-1.0.jar:/home/edison/.m2/repository/org/ow2/asm/asm/7.2/asm-7.2.jar:/home/edison/.m2/repository/commons-codec/commons-codec/1.10/commons-codec-1.10.jar:/home/edison/.m2/repository/org/objenesis/objenesis/3.0.1/objenesis-3.0.1.jar:/home/edison/.m2/repository/org/slf4j/slf4j-api/1.7.26/slf4j-api-1.7.26.jar:/home/edison/.m2/repository/xml-apis/xml-apis/1.4.01/xml-apis-1.4.01.jar:/home/edison/.m2/repository/io/cucumber/cucumber-core/2.4.0/cucumber-core-2.4.0.jar:/home/edison/.m2/repository/info/cukes/cucumber-html/0.2.6/cucumber-html-0.2.6.jar:/home/edison/.m2/repository/io/cucumber/cucumber-jvm-deps/1.0.6/cucumber-jvm-deps-1.0.6.jar:/home/edison/.m2/repository/io/cucumber/gherkin/5.0.0/gherkin-5.0.0.jar:/home/edison/.m2/repository/io/cucumber/tag-expressions/1.1.1/tag-expressions-1.1.1.jar:/home/edison/.m2/repository/commons-logging/commons-logging/1.2/commons-logging-1.2.jar:/home/edison/.m2/repository/io/vavr/vavr/0.9.0/vavr-0.9.0.jar:/home/edison/.m2/repository/io/vavr/vavr-match/0.9.0/vavr-match-0.9.0.jar:/home/edison/.m2/repository/javax/xml/bind/jaxb-api/2.2.12/jaxb-api-2.2.12.jar:/home/edison/.m2/repository/com/sun/xml/bind/jaxb-core/2.3.0.1/jaxb-core-2.3.0.1.jar:/home/edison/.m2/repository/com/sun/xml/bind/jaxb-impl/2.3.0.1/jaxb-impl-2.3.0.1.jar:/home/edison/.m2/repository/javax/activation/activation/1.1.1/activation-1.1.1.jar:/home/edison/.m2/repository/org/mockito/mockito-core/3.1.0/mockito-core-3.1.0.jar:/home/edison/.m2/repository/net/serenity-bdd/serenity-report-resources/2.1.4/serenity-report-resources-2.1.4.jar:/home/edison/.m2/repository/net/serenity-bdd/serenity-model/2.1.4/serenity-model-2.1.4.jar:/home/edison/.m2/repository/commons-net/commons-net/3.6/commons-net-3.6.jar:/home/edison/.m2/repository/org/apache/commons/commons-text/1.6/commons-text-1.6.jar:/home/edison/.m2/repository/es/nitaur/markdown/txtmark/0.16/txtmark-0.16.jar:/home/edison/.m2/repository/net/serenity-bdd/serenity-reports/2.1.4/serenity-reports-2.1.4.jar:/home/edison/.m2/repository/com/google/code/gson/gson/2.8.4/gson-2.8.4.jar:/home/edison/.m2/repository/commons-io/commons-io/2.6/commons-io-2.6.jar:/home/edison/.m2/repository/org/seleniumhq/selenium/selenium-server/3.141.59/selenium-server-3.141.59.jar:/home/edison/.m2/repository/com/beust/jcommander/1.72/jcommander-1.72.jar:/home/edison/.m2/repository/net/jcip/jcip-annotations/1.0/jcip-annotations-1.0.jar:/home/edison/.m2/repository/org/seleniumhq/selenium/jetty-repacked/9.4.12.v20180830/jetty-repacked-9.4.12.v20180830.jar:/home/edison/.m2/repository/javax/servlet/javax.servlet-api/3.1.0/javax.servlet-api-3.1.0.jar:/home/edison/.m2/repository/org/yaml/snakeyaml/1.19/snakeyaml-1.19.jar:/home/edison/.m2/repository/org/seleniumhq/selenium/selenium-api/3.141.59/selenium-api-3.141.59.jar:/home/edison/.m2/repository/org/seleniumhq/selenium/selenium-chrome-driver/3.141.59/selenium-chrome-driver-3.141.59.jar:/home/edison/.m2/repository/org/seleniumhq/selenium/selenium-edge-driver/3.141.59/selenium-edge-driver-3.141.59.jar:/home/edison/.m2/repository/org/seleniumhq/selenium/selenium-safari-driver/3.141.59/selenium-safari-driver-3.141.59.jar:/home/edison/.m2/repository/org/seleniumhq/selenium/selenium-opera-driver/3.141.59/selenium-opera-driver-3.141.59.jar:/home/edison/.m2/repository/org/seleniumhq/selenium/selenium-support/3.141.59/selenium-support-3.141.59.jar:/home/edison/.m2/repository/com/paulhammant/ngwebdriver/1.1.4/ngwebdriver-1.1.4.jar:/home/edison/.m2/repository/com/codeborne/phantomjsdriver/1.4.4/phantomjsdriver-1.4.4.jar:/home/edison/.m2/repository/org/seleniumhq/selenium/htmlunit-driver/2.36.0/htmlunit-driver-2.36.0.jar:/home/edison/.m2/repository/io/appium/java-client/7.3.0/java-client-7.3.0.jar:/home/edison/.m2/repository/commons-validator/commons-validator/1.6/commons-validator-1.6.jar:/home/edison/.m2/repository/commons-beanutils/commons-beanutils/1.9.2/commons-beanutils-1.9.2.jar:/home/edison/.m2/repository/commons-digester/commons-digester/1.8.1/commons-digester-1.8.1.jar:/home/edison/.m2/repository/org/aspectj/aspectjweaver/1.9.4/aspectjweaver-1.9.4.jar:/home/edison/.m2/repository/org/springframework/spring-context-support/5.1.2.RELEASE/spring-context-support-5.1.2.RELEASE.jar:/home/edison/.m2/repository/org/springframework/spring-beans/5.1.2.RELEASE/spring-beans-5.1.2.RELEASE.jar:/home/edison/.m2/repository/org/springframework/spring-context/5.1.2.RELEASE/spring-context-5.1.2.RELEASE.jar:/home/edison/.m2/repository/org/springframework/spring-aop/5.1.2.RELEASE/spring-aop-5.1.2.RELEASE.jar:/home/edison/.m2/repository/org/springframework/spring-expression/5.1.2.RELEASE/spring-expression-5.1.2.RELEASE.jar:/home/edison/.m2/repository/org/springframework/spring-core/5.1.2.RELEASE/spring-core-5.1.2.RELEASE.jar:/home/edison/.m2/repository/org/springframework/spring-jcl/5.1.2.RELEASE/spring-jcl-5.1.2.RELEASE.jar:/home/edison/.m2/repository/org/codehaus/groovy/groovy/2.5.5/groovy-2.5.5.jar:/home/edison/.m2/repository/net/sf/opencsv/opencsv/2.0/opencsv-2.0.jar:/home/edison/.m2/repository/commons-beanutils/commons-beanutils-core/1.8.3/commons-beanutils-core-1.8.3.jar:/home/edison/.m2/repository/joda-time/joda-time/2.7/joda-time-2.7.jar:/home/edison/.m2/repository/com/thoughtworks/xstream/xstream/1.4.9/xstream-1.4.9.jar:/home/edison/.m2/repository/xmlpull/xmlpull/1.1.3.1/xmlpull-1.1.3.1.jar:/home/edison/.m2/repository/xpp3/xpp3_min/1.1.4c/xpp3_min-1.1.4c.jar:/home/edison/.m2/repository/org/apache/commons/commons-lang3/3.8.1/commons-lang3-3.8.1.jar:/home/edison/.m2/repository/commons-collections/commons-collections/3.2.2/commons-collections-3.2.2.jar:/home/edison/.m2/repository/org/freemarker/freemarker/2.3.29/freemarker-2.3.29.jar:/home/edison/.m2/repository/net/sourceforge/jexcelapi/jxl/2.6.12/jxl-2.6.12.jar:/home/edison/.m2/repository/org/hamcrest/hamcrest-library/1.3/hamcrest-library-1.3.jar:/home/edison/.m2/repository/net/sourceforge/htmlunit/htmlunit/2.36.0/htmlunit-2.36.0.jar:/home/edison/.m2/repository/net/sourceforge/htmlunit/htmlunit-core-js/2.36.0/htmlunit-core-js-2.36.0.jar:/home/edison/.m2/repository/net/sourceforge/htmlunit/neko-htmlunit/2.36.0/neko-htmlunit-2.36.0.jar:/home/edison/.m2/repository/xerces/xercesImpl/2.12.0/xercesImpl-2.12.0.jar:/home/edison/.m2/repository/net/sourceforge/htmlunit/htmlunit-cssparser/1.5.0/htmlunit-cssparser-1.5.0.jar:/home/edison/.m2/repository/org/brotli/dec/0.1.2/dec-0.1.2.jar:/home/edison/.m2/repository/org/eclipse/jetty/websocket/websocket-client/9.4.20.v20190813/websocket-client-9.4.20.v20190813.jar:/home/edison/.m2/repository/org/eclipse/jetty/jetty-client/9.4.20.v20190813/jetty-client-9.4.20.v20190813.jar:/home/edison/.m2/repository/org/eclipse/jetty/jetty-http/9.4.20.v20190813/jetty-http-9.4.20.v20190813.jar:/home/edison/.m2/repository/org/eclipse/jetty/jetty-xml/9.4.20.v20190813/jetty-xml-9.4.20.v20190813.jar:/home/edison/.m2/repository/org/eclipse/jetty/jetty-util/9.4.20.v20190813/jetty-util-9.4.20.v20190813.jar:/home/edison/.m2/repository/org/eclipse/jetty/jetty-io/9.4.20.v20190813/jetty-io-9.4.20.v20190813.jar:/home/edison/.m2/repository/org/eclipse/jetty/websocket/websocket-common/9.4.20.v20190813/websocket-common-9.4.20.v20190813.jar:/home/edison/.m2/repository/org/eclipse/jetty/websocket/websocket-api/9.4.20.v20190813/websocket-api-9.4.20.v20190813.jar:/home/edison/.m2/repository/org/apache/httpcomponents/httpclient/4.5.5/httpclient-4.5.5.jar:/home/edison/.m2/repository/org/apache/httpcomponents/httpcore/4.4.9/httpcore-4.4.9.jar:/home/edison/.m2/repository/org/apache/httpcomponents/httpmime/4.5.5/httpmime-4.5.5.jar:/home/edison/.m2/repository/org/fluentlenium/fluentlenium-core/0.10.2/fluentlenium-core-0.10.2.jar:/home/edison/.m2/repository/com/jhlabs/filters/2.0.235/filters-2.0.235.jar:/home/edison/.m2/repository/org/asciidoctor/asciidoctorj/1.5.6/asciidoctorj-1.5.6.jar:/home/edison/.m2/repository/org/jruby/jruby-complete/1.7.26/jruby-complete-1.7.26.jar:/home/edison/.m2/repository/org/imgscalr/imgscalr-lib/4.2/imgscalr-lib-4.2.jar:/home/edison/.m2/repository/javax/el/javax.el-api/2.2.4/javax.el-api-2.2.4.jar:/home/edison/.m2/repository/org/glassfish/web/javax.el/2.2.4/javax.el-2.2.4.jar:/home/edison/.m2/repository/xalan/xalan/2.7.2/xalan-2.7.2.jar:/home/edison/.m2/repository/xalan/serializer/2.7.2/serializer-2.7.2.jar:/home/edison/.m2/repository/org/awaitility/awaitility/4.0.1/awaitility-4.0.1.jar:/home/edison/.m2/repository/org/hamcrest/hamcrest/2.1/hamcrest-2.1.jar:/home/edison/.m2/repository/com/typesafe/config/1.3.1/config-1.3.1.jar:/home/edison/.m2/repository/org/jsoup/jsoup/1.10.3/jsoup-1.10.3.jar:/home/edison/.m2/repository/com/google/jimfs/jimfs/1.1/jimfs-1.1.jar:/home/edison/.m2/repository/com/vladsch/flexmark/flexmark-all/0.34.30/flexmark-all-0.34.30.jar:/home/edison/.m2/repository/com/vladsch/flexmark/flexmark/0.34.30/flexmark-0.34.30.jar:/home/edison/.m2/repository/com/vladsch/flexmark/flexmark-ext-abbreviation/0.34.30/flexmark-ext-abbreviation-0.34.30.jar:/home/edison/.m2/repository/com/vladsch/flexmark/flexmark-ext-admonition/0.34.30/flexmark-ext-admonition-0.34.30.jar:/home/edison/.m2/repository/com/vladsch/flexmark/flexmark-ext-anchorlink/0.34.30/flexmark-ext-anchorlink-0.34.30.jar:/home/edison/.m2/repository/com/vladsch/flexmark/flexmark-ext-aside/0.34.30/flexmark-ext-aside-0.34.30.jar:/home/edison/.m2/repository/com/vladsch/flexmark/flexmark-ext-attributes/0.34.30/flexmark-ext-attributes-0.34.30.jar:/home/edison/.m2/repository/com/vladsch/flexmark/flexmark-ext-autolink/0.34.30/flexmark-ext-autolink-0.34.30.jar:/home/edison/.m2/repository/org/nibor/autolink/autolink/0.6.0/autolink-0.6.0.jar:/home/edison/.m2/repository/com/vladsch/flexmark/flexmark-ext-definition/0.34.30/flexmark-ext-definition-0.34.30.jar:/home/edison/.m2/repository/com/vladsch/flexmark/flexmark-ext-emoji/0.34.30/flexmark-ext-emoji-0.34.30.jar:/home/edison/.m2/repository/com/vladsch/flexmark/flexmark-ext-enumerated-reference/0.34.30/flexmark-ext-enumerated-reference-0.34.30.jar:/home/edison/.m2/repository/com/vladsch/flexmark/flexmark-ext-escaped-character/0.34.30/flexmark-ext-escaped-character-0.34.30.jar:/home/edison/.m2/repository/com/vladsch/flexmark/flexmark-ext-footnotes/0.34.30/flexmark-ext-footnotes-0.34.30.jar:/home/edison/.m2/repository/com/vladsch/flexmark/flexmark-ext-gfm-issues/0.34.30/flexmark-ext-gfm-issues-0.34.30.jar:/home/edison/.m2/repository/com/vladsch/flexmark/flexmark-ext-gfm-strikethrough/0.34.30/flexmark-ext-gfm-strikethrough-0.34.30.jar:/home/edison/.m2/repository/com/vladsch/flexmark/flexmark-ext-gfm-tables/0.34.30/flexmark-ext-gfm-tables-0.34.30.jar:/home/edison/.m2/repository/com/vladsch/flexmark/flexmark-ext-gfm-tasklist/0.34.30/flexmark-ext-gfm-tasklist-0.34.30.jar:/home/edison/.m2/repository/com/vladsch/flexmark/flexmark-ext-gfm-users/0.34.30/flexmark-ext-gfm-users-0.34.30.jar:/home/edison/.m2/repository/com/vladsch/flexmark/flexmark-ext-gitlab/0.34.30/flexmark-ext-gitlab-0.34.30.jar:/home/edison/.m2/repository/com/vladsch/flexmark/flexmark-ext-jekyll-front-matter/0.34.30/flexmark-ext-jekyll-front-matter-0.34.30.jar:/home/edison/.m2/repository/com/vladsch/flexmark/flexmark-ext-jekyll-tag/0.34.30/flexmark-ext-jekyll-tag-0.34.30.jar:/home/edison/.m2/repository/com/vladsch/flexmark/flexmark-ext-media-tags/0.34.30/flexmark-ext-media-tags-0.34.30.jar:/home/edison/.m2/repository/com/vladsch/flexmark/flexmark-test-util/0.34.30/flexmark-test-util-0.34.30.jar:/home/edison/.m2/repository/com/vladsch/flexmark/flexmark-ext-ins/0.34.30/flexmark-ext-ins-0.34.30.jar:/home/edison/.m2/repository/com/vladsch/flexmark/flexmark-ext-xwiki-macros/0.34.30/flexmark-ext-xwiki-macros-0.34.30.jar:/home/edison/.m2/repository/com/vladsch/flexmark/flexmark-ext-superscript/0.34.30/flexmark-ext-superscript-0.34.30.jar:/home/edison/.m2/repository/com/vladsch/flexmark/flexmark-ext-tables/0.34.30/flexmark-ext-tables-0.34.30.jar:/home/edison/.m2/repository/com/vladsch/flexmark/flexmark-ext-toc/0.34.30/flexmark-ext-toc-0.34.30.jar:/home/edison/.m2/repository/com/vladsch/flexmark/flexmark-ext-typographic/0.34.30/flexmark-ext-typographic-0.34.30.jar:/home/edison/.m2/repository/com/vladsch/flexmark/flexmark-ext-wikilink/0.34.30/flexmark-ext-wikilink-0.34.30.jar:/home/edison/.m2/repository/com/vladsch/flexmark/flexmark-ext-yaml-front-matter/0.34.30/flexmark-ext-yaml-front-matter-0.34.30.jar:/home/edison/.m2/repository/com/vladsch/flexmark/flexmark-ext-youtube-embedded/0.34.30/flexmark-ext-youtube-embedded-0.34.30.jar:/home/edison/.m2/repository/com/vladsch/flexmark/flexmark-formatter/0.34.30/flexmark-formatter-0.34.30.jar:/home/edison/.m2/repository/com/vladsch/flexmark/flexmark-html-parser/0.34.30/flexmark-html-parser-0.34.30.jar:/home/edison/.m2/repository/com/vladsch/flexmark/flexmark-jira-converter/0.34.30/flexmark-jira-converter-0.34.30.jar:/home/edison/.m2/repository/com/vladsch/flexmark/flexmark-pdf-converter/0.34.30/flexmark-pdf-converter-0.34.30.jar:/home/edison/.m2/repository/com/openhtmltopdf/openhtmltopdf-core/0.0.1-RC13/openhtmltopdf-core-0.0.1-RC13.jar:/home/edison/.m2/repository/com/openhtmltopdf/openhtmltopdf-pdfbox/0.0.1-RC13/openhtmltopdf-pdfbox-0.0.1-RC13.jar:/home/edison/.m2/repository/org/apache/pdfbox/pdfbox/2.0.8/pdfbox-2.0.8.jar:/home/edison/.m2/repository/org/apache/pdfbox/fontbox/2.0.8/fontbox-2.0.8.jar:/home/edison/.m2/repository/org/apache/pdfbox/xmpbox/2.0.8/xmpbox-2.0.8.jar:/home/edison/.m2/repository/de/rototor/pdfbox/graphics2d/0.12/graphics2d-0.12.jar:/home/edison/.m2/repository/com/openhtmltopdf/openhtmltopdf-rtl-support/0.0.1-RC13/openhtmltopdf-rtl-support-0.0.1-RC13.jar:/home/edison/.m2/repository/com/ibm/icu/icu4j/59.1/icu4j-59.1.jar:/home/edison/.m2/repository/com/openhtmltopdf/openhtmltopdf-jsoup-dom-converter/0.0.1-RC13/openhtmltopdf-jsoup-dom-converter-0.0.1-RC13.jar:/home/edison/.m2/repository/com/vladsch/flexmark/flexmark-profile-pegdown/0.34.30/flexmark-profile-pegdown-0.34.30.jar:/home/edison/.m2/repository/com/vladsch/flexmark/flexmark-util/0.34.30/flexmark-util-0.34.30.jar:/home/edison/.m2/repository/com/vladsch/flexmark/flexmark-youtrack-converter/0.34.30/flexmark-youtrack-converter-0.34.30.jar:/home/edison/.m2/repository/net/serenity-bdd/serenity-junit/2.1.4/serenity-junit-2.1.4.jar:/home/edison/.m2/repository/net/serenity-bdd/serenity-screenplay/2.1.4/serenity-screenplay-2.1.4.jar:/home/edison/.m2/repository/net/serenity-bdd/serenity-screenplay-webdriver/2.1.4/serenity-screenplay-webdriver-2.1.4.jar:/home/edison/.m2/repository/net/serenity-bdd/serenity-cucumber/1.9.51/serenity-cucumber-1.9.51.jar:/home/edison/.m2/repository/io/cucumber/cucumber-java/2.4.0/cucumber-java-2.4.0.jar:/home/edison/.m2/repository/io/cucumber/cucumber-junit/2.4.0/cucumber-junit-2.4.0.jar:/home/edison/.m2/repository/org/apache/commons/commons-csv/1.5/commons-csv-1.5.jar:/home/edison/.m2/repository/org/seleniumhq/selenium/selenium-remote-driver/3.141.59/selenium-remote-driver-3.141.59.jar:/home/edison/.m2/repository/org/apache/commons/commons-exec/1.3/commons-exec-1.3.jar:/home/edison/.m2/repository/com/squareup/okhttp3/okhttp/3.11.0/okhttp-3.11.0.jar:/home/edison/.m2/repository/com/squareup/okio/okio/1.14.0/okio-1.14.0.jar:/home/edison/.m2/repository/org/seleniumhq/selenium/selenium-java/3.141.59/selenium-java-3.141.59.jar:/home/edison/.m2/repository/org/seleniumhq/selenium/selenium-firefox-driver/3.141.59/selenium-firefox-driver-3.141.59.jar:/home/edison/.m2/repository/org/seleniumhq/selenium/selenium-ie-driver/3.141.59/selenium-ie-driver-3.141.59.jar:/home/edison/.m2/repository/net/serenity-bdd/serenity-single-page-report/2.1.4/serenity-single-page-report-2.1.4.jar:/home/edison/.m2/repository/net/serenity-bdd/serenity-stats/2.1.4/serenity-stats-2.1.4.jar:/home/edison/.m2/repository/org/jetbrains/kotlin/kotlin-stdlib/1.3.31/kotlin-stdlib-1.3.31.jar:/home/edison/.m2/repository/org/jetbrains/kotlin/kotlin-stdlib-common/1.3.31/kotlin-stdlib-common-1.3.31.jar:/home/edison/.m2/repository/org/jetbrains/annotations/13.0/annotations-13.0.jar:/home/edison/.m2/repository/org/jetbrains/kotlin/kotlin-stdlib-jdk8/1.3.31/kotlin-stdlib-jdk8-1.3.31.jar:/home/edison/.m2/repository/org/jetbrains/kotlin/kotlin-stdlib-jdk7/1.3.31/kotlin-stdlib-jdk7-1.3.31.jar:/home/edison/.m2/repository/org/thymeleaf/thymeleaf/3.0.9.RELEASE/thymeleaf-3.0.9.RELEASE.jar:/home/edison/.m2/repository/ognl/ognl/3.1.12/ognl-3.1.12.jar:/home/edison/.m2/repository/org/javassist/javassist/3.20.0-GA/javassist-3.20.0-GA.jar:/home/edison/.m2/repository/org/attoparser/attoparser/2.0.4.RELEASE/attoparser-2.0.4.RELEASE.jar:/home/edison/.m2/repository/org/unbescape/unbescape/1.1.5.RELEASE/unbescape-1.1.5.RELEASE.jar:/home/edison/.m2/repository/org/knowm/xchart/xchart/3.5.2/xchart-3.5.2.jar:/home/edison/.m2/repository/de/erichseifert/vectorgraphics2d/VectorGraphics2D/0.13/VectorGraphics2D-0.13.jar:/home/edison/.m2/repository/org/thymeleaf/extras/thymeleaf-extras-java8time/3.0.1.RELEASE/thymeleaf-extras-java8time-3.0.1.RELEASE.jar:/home/edison/.m2/repository/io/rest-assured/json-schema-validator/3.0.7/json-schema-validator-3.0.7.jar:/home/edison/.m2/repository/com/github/fge/json-schema-validator/2.2.6/json-schema-validator-2.2.6.jar:/home/edison/.m2/repository/com/googlecode/libphonenumber/libphonenumber/6.2/libphonenumber-6.2.jar:/home/edison/.m2/repository/com/github/fge/json-schema-core/1.2.5/json-schema-core-1.2.5.jar:/home/edison/.m2/repository/com/github/fge/uri-template/0.9/uri-template-0.9.jar:/home/edison/.m2/repository/com/github/fge/msg-simple/1.1/msg-simple-1.1.jar:/home/edison/.m2/repository/com/github/fge/btf/1.2/btf-1.2.jar:/home/edison/.m2/repository/com/github/fge/jackson-coreutils/1.8/jackson-coreutils-1.8.jar:/home/edison/.m2/repository/com/fasterxml/jackson/core/jackson-databind/2.2.3/jackson-databind-2.2.3.jar:/home/edison/.m2/repository/com/fasterxml/jackson/core/jackson-annotations/2.2.3/jackson-annotations-2.2.3.jar:/home/edison/.m2/repository/com/fasterxml/jackson/core/jackson-core/2.2.3/jackson-core-2.2.3.jar:/home/edison/.m2/repository/org/mozilla/rhino/1.7R4/rhino-1.7R4.jar:/home/edison/.m2/repository/javax/mail/mailapi/1.4.3/mailapi-1.4.3.jar:/home/edison/.m2/repository/net/sf/jopt-simple/jopt-simple/4.6/jopt-simple-4.6.jar:/home/edison/.m2/repository/io/rest-assured/json-path/4.2.0/json-path-4.2.0.jar:/home/edison/.m2/repository/org/codehaus/groovy/groovy-json/2.5.8/groovy-json-2.5.8.jar:/home/edison/.m2/repository/io/rest-assured/rest-assured-common/4.2.0/rest-assured-common-4.2.0.jar:"/>
    <property name="java.vm.vendor" value="Ubuntu"/>
    <property name="sun.arch.data.model" value="64"/>
    <property name="java.vendor.url" value="https://ubuntu.com/"/>
    <property name="user.timezone" value=""/>
    <property name="java.vm.specification.version" value="11"/>
    <property name="os.name" value="Linux"/>
    <property name="sun.java.launcher" value="SUN_STANDARD"/>
    <property name="user.country" value="CO"/>
    <property name="sun.boot.library.path" value="/usr/lib/jvm/java-11-openjdk-amd64/lib"/>
    <property name="sun.java.command" value="/home/edison/Documentos/AutomationAvianca/target/surefire/surefirebooter11893005750820935889.jar /home/edison/Documentos/AutomationAvianca/target/surefire 2021-03-14T20-19-10_576-jvmRun1 surefire13602101287275766403tmp surefire_010644713712365825541tmp"/>
    <property name="jdk.debug" value="release"/>
    <property name="test" value="ReserveFlightsRunner"/>
    <property name="surefire.test.class.path" value="/home/edison/Documentos/AutomationAvianca/target/test-classes:/home/edison/Documentos/AutomationAvianca/target/classes:/home/edison/.m2/repository/org/projectlombok/lombok/1.18.12/lombok-1.18.12.jar:/home/edison/.m2/repository/junit/junit/4.13/junit-4.13.jar:/home/edison/.m2/repository/org/hamcrest/hamcrest-core/1.3/hamcrest-core-1.3.jar:/home/edison/.m2/repository/org/assertj/assertj-core/3.15.0/assertj-core-3.15.0.jar:/home/edison/.m2/repository/net/serenity-bdd/serenity-core/2.1.4/serenity-core-2.1.4.jar:/home/edison/.m2/repository/net/bytebuddy/byte-buddy/1.10.1/byte-buddy-1.10.1.jar:/home/edison/.m2/repository/net/bytebuddy/byte-buddy-agent/1.10.1/byte-buddy-agent-1.10.1.jar:/home/edison/.m2/repository/com/google/guava/guava/25.0-jre/guava-25.0-jre.jar:/home/edison/.m2/repository/com/google/code/findbugs/jsr305/1.3.9/jsr305-1.3.9.jar:/home/edison/.m2/repository/org/checkerframework/checker-compat-qual/2.0.0/checker-compat-qual-2.0.0.jar:/home/edison/.m2/repository/com/google/errorprone/error_prone_annotations/2.1.3/error_prone_annotations-2.1.3.jar:/home/edison/.m2/repository/com/google/j2objc/j2objc-annotations/1.1/j2objc-annotations-1.1.jar:/home/edison/.m2/repository/org/codehaus/mojo/animal-sniffer-annotations/1.14/animal-sniffer-annotations-1.14.jar:/home/edison/.m2/repository/com/google/inject/guice/4.2.2/guice-4.2.2.jar:/home/edison/.m2/repository/javax/inject/javax.inject/1/javax.inject-1.jar:/home/edison/.m2/repository/aopalliance/aopalliance/1.0/aopalliance-1.0.jar:/home/edison/.m2/repository/org/ow2/asm/asm/7.2/asm-7.2.jar:/home/edison/.m2/repository/commons-codec/commons-codec/1.10/commons-codec-1.10.jar:/home/edison/.m2/repository/org/objenesis/objenesis/3.0.1/objenesis-3.0.1.jar:/home/edison/.m2/repository/org/slf4j/slf4j-api/1.7.26/slf4j-api-1.7.26.jar:/home/edison/.m2/repository/xml-apis/xml-apis/1.4.01/xml-apis-1.4.01.jar:/home/edison/.m2/repository/io/cucumber/cucumber-core/2.4.0/cucumber-core-2.4.0.jar:/home/edison/.m2/repository/info/cukes/cucumber-html/0.2.6/cucumber-html-0.2.6.jar:/home/edison/.m2/repository/io/cucumber/cucumber-jvm-deps/1.0.6/cucumber-jvm-deps-1.0.6.jar:/home/edison/.m2/repository/io/cucumber/gherkin/5.0.0/gherkin-5.0.0.jar:/home/edison/.m2/repository/io/cucumber/tag-expressions/1.1.1/tag-expressions-1.1.1.jar:/home/edison/.m2/repository/commons-logging/commons-logging/1.2/commons-logging-1.2.jar:/home/edison/.m2/repository/io/vavr/vavr/0.9.0/vavr-0.9.0.jar:/home/edison/.m2/repository/io/vavr/vavr-match/0.9.0/vavr-match-0.9.0.jar:/home/edison/.m2/repository/javax/xml/bind/jaxb-api/2.2.12/jaxb-api-2.2.12.jar:/home/edison/.m2/repository/com/sun/xml/bind/jaxb-core/2.3.0.1/jaxb-core-2.3.0.1.jar:/home/edison/.m2/repository/com/sun/xml/bind/jaxb-impl/2.3.0.1/jaxb-impl-2.3.0.1.jar:/home/edison/.m2/repository/javax/activation/activation/1.1.1/activation-1.1.1.jar:/home/edison/.m2/repository/org/mockito/mockito-core/3.1.0/mockito-core-3.1.0.jar:/home/edison/.m2/repository/net/serenity-bdd/serenity-report-resources/2.1.4/serenity-report-resources-2.1.4.jar:/home/edison/.m2/repository/net/serenity-bdd/serenity-model/2.1.4/serenity-model-2.1.4.jar:/home/edison/.m2/repository/commons-net/commons-net/3.6/commons-net-3.6.jar:/home/edison/.m2/repository/org/apache/commons/commons-text/1.6/commons-text-1.6.jar:/home/edison/.m2/repository/es/nitaur/markdown/txtmark/0.16/txtmark-0.16.jar:/home/edison/.m2/repository/net/serenity-bdd/serenity-reports/2.1.4/serenity-reports-2.1.4.jar:/home/edison/.m2/repository/com/google/code/gson/gson/2.8.4/gson-2.8.4.jar:/home/edison/.m2/repository/commons-io/commons-io/2.6/commons-io-2.6.jar:/home/edison/.m2/repository/org/seleniumhq/selenium/selenium-server/3.141.59/selenium-server-3.141.59.jar:/home/edison/.m2/repository/com/beust/jcommander/1.72/jcommander-1.72.jar:/home/edison/.m2/repository/net/jcip/jcip-annotations/1.0/jcip-annotations-1.0.jar:/home/edison/.m2/repository/org/seleniumhq/selenium/jetty-repacked/9.4.12.v20180830/jetty-repacked-9.4.12.v20180830.jar:/home/edison/.m2/repository/javax/servlet/javax.servlet-api/3.1.0/javax.servlet-api-3.1.0.jar:/home/edison/.m2/repository/org/yaml/snakeyaml/1.19/snakeyaml-1.19.jar:/home/edison/.m2/repository/org/seleniumhq/selenium/selenium-api/3.141.59/selenium-api-3.141.59.jar:/home/edison/.m2/repository/org/seleniumhq/selenium/selenium-chrome-driver/3.141.59/selenium-chrome-driver-3.141.59.jar:/home/edison/.m2/repository/org/seleniumhq/selenium/selenium-edge-driver/3.141.59/selenium-edge-driver-3.141.59.jar:/home/edison/.m2/repository/org/seleniumhq/selenium/selenium-safari-driver/3.141.59/selenium-safari-driver-3.141.59.jar:/home/edison/.m2/repository/org/seleniumhq/selenium/selenium-opera-driver/3.141.59/selenium-opera-driver-3.141.59.jar:/home/edison/.m2/repository/org/seleniumhq/selenium/selenium-support/3.141.59/selenium-support-3.141.59.jar:/home/edison/.m2/repository/com/paulhammant/ngwebdriver/1.1.4/ngwebdriver-1.1.4.jar:/home/edison/.m2/repository/com/codeborne/phantomjsdriver/1.4.4/phantomjsdriver-1.4.4.jar:/home/edison/.m2/repository/org/seleniumhq/selenium/htmlunit-driver/2.36.0/htmlunit-driver-2.36.0.jar:/home/edison/.m2/repository/io/appium/java-client/7.3.0/java-client-7.3.0.jar:/home/edison/.m2/repository/commons-validator/commons-validator/1.6/commons-validator-1.6.jar:/home/edison/.m2/repository/commons-beanutils/commons-beanutils/1.9.2/commons-beanutils-1.9.2.jar:/home/edison/.m2/repository/commons-digester/commons-digester/1.8.1/commons-digester-1.8.1.jar:/home/edison/.m2/repository/org/aspectj/aspectjweaver/1.9.4/aspectjweaver-1.9.4.jar:/home/edison/.m2/repository/org/springframework/spring-context-support/5.1.2.RELEASE/spring-context-support-5.1.2.RELEASE.jar:/home/edison/.m2/repository/org/springframework/spring-beans/5.1.2.RELEASE/spring-beans-5.1.2.RELEASE.jar:/home/edison/.m2/repository/org/springframework/spring-context/5.1.2.RELEASE/spring-context-5.1.2.RELEASE.jar:/home/edison/.m2/repository/org/springframework/spring-aop/5.1.2.RELEASE/spring-aop-5.1.2.RELEASE.jar:/home/edison/.m2/repository/org/springframework/spring-expression/5.1.2.RELEASE/spring-expression-5.1.2.RELEASE.jar:/home/edison/.m2/repository/org/springframework/spring-core/5.1.2.RELEASE/spring-core-5.1.2.RELEASE.jar:/home/edison/.m2/repository/org/springframework/spring-jcl/5.1.2.RELEASE/spring-jcl-5.1.2.RELEASE.jar:/home/edison/.m2/repository/org/codehaus/groovy/groovy/2.5.5/groovy-2.5.5.jar:/home/edison/.m2/repository/net/sf/opencsv/opencsv/2.0/opencsv-2.0.jar:/home/edison/.m2/repository/commons-beanutils/commons-beanutils-core/1.8.3/commons-beanutils-core-1.8.3.jar:/home/edison/.m2/repository/joda-time/joda-time/2.7/joda-time-2.7.jar:/home/edison/.m2/repository/com/thoughtworks/xstream/xstream/1.4.9/xstream-1.4.9.jar:/home/edison/.m2/repository/xmlpull/xmlpull/1.1.3.1/xmlpull-1.1.3.1.jar:/home/edison/.m2/repository/xpp3/xpp3_min/1.1.4c/xpp3_min-1.1.4c.jar:/home/edison/.m2/repository/org/apache/commons/commons-lang3/3.8.1/commons-lang3-3.8.1.jar:/home/edison/.m2/repository/commons-collections/commons-collections/3.2.2/commons-collections-3.2.2.jar:/home/edison/.m2/repository/org/freemarker/freemarker/2.3.29/freemarker-2.3.29.jar:/home/edison/.m2/repository/net/sourceforge/jexcelapi/jxl/2.6.12/jxl-2.6.12.jar:/home/edison/.m2/repository/org/hamcrest/hamcrest-library/1.3/hamcrest-library-1.3.jar:/home/edison/.m2/repository/net/sourceforge/htmlunit/htmlunit/2.36.0/htmlunit-2.36.0.jar:/home/edison/.m2/repository/net/sourceforge/htmlunit/htmlunit-core-js/2.36.0/htmlunit-core-js-2.36.0.jar:/home/edison/.m2/repository/net/sourceforge/htmlunit/neko-htmlunit/2.36.0/neko-htmlunit-2.36.0.jar:/home/edison/.m2/repository/xerces/xercesImpl/2.12.0/xercesImpl-2.12.0.jar:/home/edison/.m2/repository/net/sourceforge/htmlunit/htmlunit-cssparser/1.5.0/htmlunit-cssparser-1.5.0.jar:/home/edison/.m2/repository/org/brotli/dec/0.1.2/dec-0.1.2.jar:/home/edison/.m2/repository/org/eclipse/jetty/websocket/websocket-client/9.4.20.v20190813/websocket-client-9.4.20.v20190813.jar:/home/edison/.m2/repository/org/eclipse/jetty/jetty-client/9.4.20.v20190813/jetty-client-9.4.20.v20190813.jar:/home/edison/.m2/repository/org/eclipse/jetty/jetty-http/9.4.20.v20190813/jetty-http-9.4.20.v20190813.jar:/home/edison/.m2/repository/org/eclipse/jetty/jetty-xml/9.4.20.v20190813/jetty-xml-9.4.20.v20190813.jar:/home/edison/.m2/repository/org/eclipse/jetty/jetty-util/9.4.20.v20190813/jetty-util-9.4.20.v20190813.jar:/home/edison/.m2/repository/org/eclipse/jetty/jetty-io/9.4.20.v20190813/jetty-io-9.4.20.v20190813.jar:/home/edison/.m2/repository/org/eclipse/jetty/websocket/websocket-common/9.4.20.v20190813/websocket-common-9.4.20.v20190813.jar:/home/edison/.m2/repository/org/eclipse/jetty/websocket/websocket-api/9.4.20.v20190813/websocket-api-9.4.20.v20190813.jar:/home/edison/.m2/repository/org/apache/httpcomponents/httpclient/4.5.5/httpclient-4.5.5.jar:/home/edison/.m2/repository/org/apache/httpcomponents/httpcore/4.4.9/httpcore-4.4.9.jar:/home/edison/.m2/repository/org/apache/httpcomponents/httpmime/4.5.5/httpmime-4.5.5.jar:/home/edison/.m2/repository/org/fluentlenium/fluentlenium-core/0.10.2/fluentlenium-core-0.10.2.jar:/home/edison/.m2/repository/com/jhlabs/filters/2.0.235/filters-2.0.235.jar:/home/edison/.m2/repository/org/asciidoctor/asciidoctorj/1.5.6/asciidoctorj-1.5.6.jar:/home/edison/.m2/repository/org/jruby/jruby-complete/1.7.26/jruby-complete-1.7.26.jar:/home/edison/.m2/repository/org/imgscalr/imgscalr-lib/4.2/imgscalr-lib-4.2.jar:/home/edison/.m2/repository/javax/el/javax.el-api/2.2.4/javax.el-api-2.2.4.jar:/home/edison/.m2/repository/org/glassfish/web/javax.el/2.2.4/javax.el-2.2.4.jar:/home/edison/.m2/repository/xalan/xalan/2.7.2/xalan-2.7.2.jar:/home/edison/.m2/repository/xalan/serializer/2.7.2/serializer-2.7.2.jar:/home/edison/.m2/repository/org/awaitility/awaitility/4.0.1/awaitility-4.0.1.jar:/home/edison/.m2/repository/org/hamcrest/hamcrest/2.1/hamcrest-2.1.jar:/home/edison/.m2/repository/com/typesafe/config/1.3.1/config-1.3.1.jar:/home/edison/.m2/repository/org/jsoup/jsoup/1.10.3/jsoup-1.10.3.jar:/home/edison/.m2/repository/com/google/jimfs/jimfs/1.1/jimfs-1.1.jar:/home/edison/.m2/repository/com/vladsch/flexmark/flexmark-all/0.34.30/flexmark-all-0.34.30.jar:/home/edison/.m2/repository/com/vladsch/flexmark/flexmark/0.34.30/flexmark-0.34.30.jar:/home/edison/.m2/repository/com/vladsch/flexmark/flexmark-ext-abbreviation/0.34.30/flexmark-ext-abbreviation-0.34.30.jar:/home/edison/.m2/repository/com/vladsch/flexmark/flexmark-ext-admonition/0.34.30/flexmark-ext-admonition-0.34.30.jar:/home/edison/.m2/repository/com/vladsch/flexmark/flexmark-ext-anchorlink/0.34.30/flexmark-ext-anchorlink-0.34.30.jar:/home/edison/.m2/repository/com/vladsch/flexmark/flexmark-ext-aside/0.34.30/flexmark-ext-aside-0.34.30.jar:/home/edison/.m2/repository/com/vladsch/flexmark/flexmark-ext-attributes/0.34.30/flexmark-ext-attributes-0.34.30.jar:/home/edison/.m2/repository/com/vladsch/flexmark/flexmark-ext-autolink/0.34.30/flexmark-ext-autolink-0.34.30.jar:/home/edison/.m2/repository/org/nibor/autolink/autolink/0.6.0/autolink-0.6.0.jar:/home/edison/.m2/repository/com/vladsch/flexmark/flexmark-ext-definition/0.34.30/flexmark-ext-definition-0.34.30.jar:/home/edison/.m2/repository/com/vladsch/flexmark/flexmark-ext-emoji/0.34.30/flexmark-ext-emoji-0.34.30.jar:/home/edison/.m2/repository/com/vladsch/flexmark/flexmark-ext-enumerated-reference/0.34.30/flexmark-ext-enumerated-reference-0.34.30.jar:/home/edison/.m2/repository/com/vladsch/flexmark/flexmark-ext-escaped-character/0.34.30/flexmark-ext-escaped-character-0.34.30.jar:/home/edison/.m2/repository/com/vladsch/flexmark/flexmark-ext-footnotes/0.34.30/flexmark-ext-footnotes-0.34.30.jar:/home/edison/.m2/repository/com/vladsch/flexmark/flexmark-ext-gfm-issues/0.34.30/flexmark-ext-gfm-issues-0.34.30.jar:/home/edison/.m2/repository/com/vladsch/flexmark/flexmark-ext-gfm-strikethrough/0.34.30/flexmark-ext-gfm-strikethrough-0.34.30.jar:/home/edison/.m2/repository/com/vladsch/flexmark/flexmark-ext-gfm-tables/0.34.30/flexmark-ext-gfm-tables-0.34.30.jar:/home/edison/.m2/repository/com/vladsch/flexmark/flexmark-ext-gfm-tasklist/0.34.30/flexmark-ext-gfm-tasklist-0.34.30.jar:/home/edison/.m2/repository/com/vladsch/flexmark/flexmark-ext-gfm-users/0.34.30/flexmark-ext-gfm-users-0.34.30.jar:/home/edison/.m2/repository/com/vladsch/flexmark/flexmark-ext-gitlab/0.34.30/flexmark-ext-gitlab-0.34.30.jar:/home/edison/.m2/repository/com/vladsch/flexmark/flexmark-ext-jekyll-front-matter/0.34.30/flexmark-ext-jekyll-front-matter-0.34.30.jar:/home/edison/.m2/repository/com/vladsch/flexmark/flexmark-ext-jekyll-tag/0.34.30/flexmark-ext-jekyll-tag-0.34.30.jar:/home/edison/.m2/repository/com/vladsch/flexmark/flexmark-ext-media-tags/0.34.30/flexmark-ext-media-tags-0.34.30.jar:/home/edison/.m2/repository/com/vladsch/flexmark/flexmark-test-util/0.34.30/flexmark-test-util-0.34.30.jar:/home/edison/.m2/repository/com/vladsch/flexmark/flexmark-ext-ins/0.34.30/flexmark-ext-ins-0.34.30.jar:/home/edison/.m2/repository/com/vladsch/flexmark/flexmark-ext-xwiki-macros/0.34.30/flexmark-ext-xwiki-macros-0.34.30.jar:/home/edison/.m2/repository/com/vladsch/flexmark/flexmark-ext-superscript/0.34.30/flexmark-ext-superscript-0.34.30.jar:/home/edison/.m2/repository/com/vladsch/flexmark/flexmark-ext-tables/0.34.30/flexmark-ext-tables-0.34.30.jar:/home/edison/.m2/repository/com/vladsch/flexmark/flexmark-ext-toc/0.34.30/flexmark-ext-toc-0.34.30.jar:/home/edison/.m2/repository/com/vladsch/flexmark/flexmark-ext-typographic/0.34.30/flexmark-ext-typographic-0.34.30.jar:/home/edison/.m2/repository/com/vladsch/flexmark/flexmark-ext-wikilink/0.34.30/flexmark-ext-wikilink-0.34.30.jar:/home/edison/.m2/repository/com/vladsch/flexmark/flexmark-ext-yaml-front-matter/0.34.30/flexmark-ext-yaml-front-matter-0.34.30.jar:/home/edison/.m2/repository/com/vladsch/flexmark/flexmark-ext-youtube-embedded/0.34.30/flexmark-ext-youtube-embedded-0.34.30.jar:/home/edison/.m2/repository/com/vladsch/flexmark/flexmark-formatter/0.34.30/flexmark-formatter-0.34.30.jar:/home/edison/.m2/repository/com/vladsch/flexmark/flexmark-html-parser/0.34.30/flexmark-html-parser-0.34.30.jar:/home/edison/.m2/repository/com/vladsch/flexmark/flexmark-jira-converter/0.34.30/flexmark-jira-converter-0.34.30.jar:/home/edison/.m2/repository/com/vladsch/flexmark/flexmark-pdf-converter/0.34.30/flexmark-pdf-converter-0.34.30.jar:/home/edison/.m2/repository/com/openhtmltopdf/openhtmltopdf-core/0.0.1-RC13/openhtmltopdf-core-0.0.1-RC13.jar:/home/edison/.m2/repository/com/openhtmltopdf/openhtmltopdf-pdfbox/0.0.1-RC13/openhtmltopdf-pdfbox-0.0.1-RC13.jar:/home/edison/.m2/repository/org/apache/pdfbox/pdfbox/2.0.8/pdfbox-2.0.8.jar:/home/edison/.m2/repository/org/apache/pdfbox/fontbox/2.0.8/fontbox-2.0.8.jar:/home/edison/.m2/repository/org/apache/pdfbox/xmpbox/2.0.8/xmpbox-2.0.8.jar:/home/edison/.m2/repository/de/rototor/pdfbox/graphics2d/0.12/graphics2d-0.12.jar:/home/edison/.m2/repository/com/openhtmltopdf/openhtmltopdf-rtl-support/0.0.1-RC13/openhtmltopdf-rtl-support-0.0.1-RC13.jar:/home/edison/.m2/repository/com/ibm/icu/icu4j/59.1/icu4j-59.1.jar:/home/edison/.m2/repository/com/openhtmltopdf/openhtmltopdf-jsoup-dom-converter/0.0.1-RC13/openhtmltopdf-jsoup-dom-converter-0.0.1-RC13.jar:/home/edison/.m2/repository/com/vladsch/flexmark/flexmark-profile-pegdown/0.34.30/flexmark-profile-pegdown-0.34.30.jar:/home/edison/.m2/repository/com/vladsch/flexmark/flexmark-util/0.34.30/flexmark-util-0.34.30.jar:/home/edison/.m2/repository/com/vladsch/flexmark/flexmark-youtrack-converter/0.34.30/flexmark-youtrack-converter-0.34.30.jar:/home/edison/.m2/repository/net/serenity-bdd/serenity-junit/2.1.4/serenity-junit-2.1.4.jar:/home/edison/.m2/repository/net/serenity-bdd/serenity-screenplay/2.1.4/serenity-screenplay-2.1.4.jar:/home/edison/.m2/repository/net/serenity-bdd/serenity-screenplay-webdriver/2.1.4/serenity-screenplay-webdriver-2.1.4.jar:/home/edison/.m2/repository/net/serenity-bdd/serenity-cucumber/1.9.51/serenity-cucumber-1.9.51.jar:/home/edison/.m2/repository/io/cucumber/cucumber-java/2.4.0/cucumber-java-2.4.0.jar:/home/edison/.m2/repository/io/cucumber/cucumber-junit/2.4.0/cucumber-junit-2.4.0.jar:/home/edison/.m2/repository/org/apache/commons/commons-csv/1.5/commons-csv-1.5.jar:/home/edison/.m2/repository/org/seleniumhq/selenium/selenium-remote-driver/3.141.59/selenium-remote-driver-3.141.59.jar:/home/edison/.m2/repository/org/apache/commons/commons-exec/1.3/commons-exec-1.3.jar:/home/edison/.m2/repository/com/squareup/okhttp3/okhttp/3.11.0/okhttp-3.11.0.jar:/home/edison/.m2/repository/com/squareup/okio/okio/1.14.0/okio-1.14.0.jar:/home/edison/.m2/repository/org/seleniumhq/selenium/selenium-java/3.141.59/selenium-java-3.141.59.jar:/home/edison/.m2/repository/org/seleniumhq/selenium/selenium-firefox-driver/3.141.59/selenium-firefox-driver-3.141.59.jar:/home/edison/.m2/repository/org/seleniumhq/selenium/selenium-ie-driver/3.141.59/selenium-ie-driver-3.141.59.jar:/home/edison/.m2/repository/net/serenity-bdd/serenity-single-page-report/2.1.4/serenity-single-page-report-2.1.4.jar:/home/edison/.m2/repository/net/serenity-bdd/serenity-stats/2.1.4/serenity-stats-2.1.4.jar:/home/edison/.m2/repository/org/jetbrains/kotlin/kotlin-stdlib/1.3.31/kotlin-stdlib-1.3.31.jar:/home/edison/.m2/repository/org/jetbrains/kotlin/kotlin-stdlib-common/1.3.31/kotlin-stdlib-common-1.3.31.jar:/home/edison/.m2/repository/org/jetbrains/annotations/13.0/annotations-13.0.jar:/home/edison/.m2/repository/org/jetbrains/kotlin/kotlin-stdlib-jdk8/1.3.31/kotlin-stdlib-jdk8-1.3.31.jar:/home/edison/.m2/repository/org/jetbrains/kotlin/kotlin-stdlib-jdk7/1.3.31/kotlin-stdlib-jdk7-1.3.31.jar:/home/edison/.m2/repository/org/thymeleaf/thymeleaf/3.0.9.RELEASE/thymeleaf-3.0.9.RELEASE.jar:/home/edison/.m2/repository/ognl/ognl/3.1.12/ognl-3.1.12.jar:/home/edison/.m2/repository/org/javassist/javassist/3.20.0-GA/javassist-3.20.0-GA.jar:/home/edison/.m2/repository/org/attoparser/attoparser/2.0.4.RELEASE/attoparser-2.0.4.RELEASE.jar:/home/edison/.m2/repository/org/unbescape/unbescape/1.1.5.RELEASE/unbescape-1.1.5.RELEASE.jar:/home/edison/.m2/repository/org/knowm/xchart/xchart/3.5.2/xchart-3.5.2.jar:/home/edison/.m2/repository/de/erichseifert/vectorgraphics2d/VectorGraphics2D/0.13/VectorGraphics2D-0.13.jar:/home/edison/.m2/repository/org/thymeleaf/extras/thymeleaf-extras-java8time/3.0.1.RELEASE/thymeleaf-extras-java8time-3.0.1.RELEASE.jar:/home/edison/.m2/repository/io/rest-assured/json-schema-validator/3.0.7/json-schema-validator-3.0.7.jar:/home/edison/.m2/repository/com/github/fge/json-schema-validator/2.2.6/json-schema-validator-2.2.6.jar:/home/edison/.m2/repository/com/googlecode/libphonenumber/libphonenumber/6.2/libphonenumber-6.2.jar:/home/edison/.m2/repository/com/github/fge/json-schema-core/1.2.5/json-schema-core-1.2.5.jar:/home/edison/.m2/repository/com/github/fge/uri-template/0.9/uri-template-0.9.jar:/home/edison/.m2/repository/com/github/fge/msg-simple/1.1/msg-simple-1.1.jar:/home/edison/.m2/repository/com/github/fge/btf/1.2/btf-1.2.jar:/home/edison/.m2/repository/com/github/fge/jackson-coreutils/1.8/jackson-coreutils-1.8.jar:/home/edison/.m2/repository/com/fasterxml/jackson/core/jackson-databind/2.2.3/jackson-databind-2.2.3.jar:/home/edison/.m2/repository/com/fasterxml/jackson/core/jackson-annotations/2.2.3/jackson-annotations-2.2.3.jar:/home/edison/.m2/repository/com/fasterxml/jackson/core/jackson-core/2.2.3/jackson-core-2.2.3.jar:/home/edison/.m2/repository/org/mozilla/rhino/1.7R4/rhino-1.7R4.jar:/home/edison/.m2/repository/javax/mail/mailapi/1.4.3/mailapi-1.4.3.jar:/home/edison/.m2/repository/net/sf/jopt-simple/jopt-simple/4.6/jopt-simple-4.6.jar:/home/edison/.m2/repository/io/rest-assured/json-path/4.2.0/json-path-4.2.0.jar:/home/edison/.m2/repository/org/codehaus/groovy/groovy-json/2.5.8/groovy-json-2.5.8.jar:/home/edison/.m2/repository/io/rest-assured/rest-assured-common/4.2.0/rest-assured-common-4.2.0.jar:"/>
    <property name="sun.cpu.endian" value="little"/>
    <property name="user.home" value="/home/edison"/>
    <property name="user.language" value="es"/>
    <property name="java.specification.vendor" value="Oracle Corporation"/>
    <property name="java.version.date" value="2021-01-19"/>
    <property name="java.home" value="/usr/lib/jvm/java-11-openjdk-amd64"/>
    <property name="file.separator" value="/"/>
    <property name="basedir" value="/home/edison/Documentos/AutomationAvianca"/>
    <property name="java.vm.compressedOopsMode" value="Zero based"/>
    <property name="line.separator" value="&#10;"/>
    <property name="java.specification.name" value="Java Platform API Specification"/>
    <property name="java.vm.specification.vendor" value="Oracle Corporation"/>
    <property name="java.awt.graphicsenv" value="sun.awt.X11GraphicsEnvironment"/>
    <property name="surefire.real.class.path" value="/home/edison/Documentos/AutomationAvianca/target/surefire/surefirebooter11893005750820935889.jar"/>
    <property name="sun.management.compiler" value="HotSpot 64-Bit Tiered Compilers"/>
    <property name="java.runtime.version" value="11.0.10+9-Ubuntu-0ubuntu1.20.04"/>
    <property name="user.name" value="edison"/>
    <property name="path.separator" value=":"/>
    <property name="os.version" value="5.8.0-44-generic"/>
    <property name="java.runtime.name" value="OpenJDK Runtime Environment"/>
    <property name="file.encoding" value="UTF-8"/>
    <property name="java.vm.name" value="OpenJDK 64-Bit Server VM"/>
    <property name="localRepository" value="/home/edison/.m2/repository"/>
    <property name="java.vendor.url.bug" value="https://bugs.launchpad.net/ubuntu/+source/openjdk-lts"/>
    <property name="java.io.tmpdir" value="/tmp"/>
    <property name="java.version" value="11.0.10"/>
    <property name="user.dir" value="/home/edison/Documentos/AutomationAvianca"/>
    <property name="os.arch" value="amd64"/>
    <property name="java.vm.specification.name" value="Java Virtual Machine Specification"/>
    <property name="java.awt.printerjob" value="sun.print.PSPrinterJob"/>
    <property name="sun.os.patch.level" value="unknown"/>
    <property name="java.library.path" value="/usr/java/packages/lib:/usr/lib/x86_64-linux-gnu/jni:/lib/x86_64-linux-gnu:/usr/lib/x86_64-linux-gnu:/usr/lib/jni:/lib:/usr/lib"/>
    <property name="java.vm.info" value="mixed mode, sharing"/>
    <property name="java.vendor" value="Ubuntu"/>
    <property name="java.vm.version" value="11.0.10+9-Ubuntu-0ubuntu1.20.04"/>
    <property name="sun.io.unicode.encoding" value="UnicodeLittle"/>
    <property name="java.class.version" value="55.0"/>
  </properties>
  <testcase name="Seleccionar vuelos" classname="Validar selección de Vuelos" time="70.02"/>
  <testcase name="Seleccionar vuelos" classname="Validar selección de Vuelos" time="30.332">
    <error message="element not interactable&#10;  (Session info: chrome=89.0.4389.82)&#10;Build info: version: &apos;3.141.59&apos;, revision: &apos;e82be7d358&apos;, time: &apos;2018-11-14T08:17:03&apos;&#10;System info: host: &apos;edison-HP-240&apos;, ip: &apos;127.0.1.1&apos;, os.name: &apos;Linux&apos;, os.arch: &apos;amd64&apos;, os.version: &apos;5.8.0-44-generic&apos;, java.version: &apos;11.0.10&apos;&#10;Driver info: org.openqa.selenium.chrome.ChromeDriver&#10;Capabilities {acceptInsecureCerts: false, browserName: chrome, browserVersion: 89.0.4389.82, chrome: {chromedriverVersion: 89.0.4389.23 (61b08ee2c5002..., userDataDir: /tmp/.com.google.Chrome.Skecr7}, goog:chromeOptions: {debuggerAddress: localhost:38051}, javascriptEnabled: true, networkConnectionEnabled: false, pageLoadStrategy: normal, platform: LINUX, platformName: LINUX, proxy: Proxy(), setWindowRect: true, strictFileInteractability: false, timeouts: {implicit: 0, pageLoad: 300000, script: 30000}, unhandledPromptBehavior: dismiss and notify, webauthn:extension:largeBlob: true, webauthn:virtualAuthenticators: true}&#10;Session ID: 305ce8911e929f8ddf213a0dde2bccce" type="org.openqa.selenium.ElementNotInteractableException">org.openqa.selenium.ElementNotInteractableException: 
element not interactable
  (Session info: chrome=89.0.4389.82)
Build info: version: '3.141.59', revision: 'e82be7d358', time: '2018-11-14T08:17:03'
System info: host: 'edison-HP-240', ip: '127.0.1.1', os.name: 'Linux', os.arch: 'amd64', os.version: '5.8.0-44-generic', java.version: '11.0.10'
Driver info: org.openqa.selenium.chrome.ChromeDriver
Capabilities {acceptInsecureCerts: false, browserName: chrome, browserVersion: 89.0.4389.82, chrome: {chromedriverVersion: 89.0.4389.23 (61b08ee2c5002..., userDataDir: /tmp/.com.google.Chrome.Skecr7}, goog:chromeOptions: {debuggerAddress: localhost:38051}, javascriptEnabled: true, networkConnectionEnabled: false, pageLoadStrategy: normal, platform: LINUX, platformName: LINUX, proxy: Proxy(), setWindowRect: true, strictFileInteractability: false, timeouts: {implicit: 0, pageLoad: 300000, script: 30000}, unhandledPromptBehavior: dismiss and notify, webauthn:extension:largeBlob: true, webauthn:virtualAuthenticators: true}
Session ID: 305ce8911e929f8ddf213a0dde2bccce
</error>
    <system-err><![CDATA[mar. 14, 2021 8:20:22 P. M. org.openqa.selenium.remote.DesiredCapabilities chrome
INFORMACIÓN: Using `new ChromeOptions()` is preferred to `DesiredCapabilities.chrome()`
Starting ChromeDriver 89.0.4389.23 (61b08ee2c50024bab004e48d2b1b083cdbdac579-refs/branch-heads/4389@{#294}) on port 6483
Only local connections are allowed.
Please see https://chromedriver.chromium.org/security-considerations for suggestions on keeping ChromeDriver safe.
ChromeDriver was started successfully.
mar. 14, 2021 8:20:22 P. M. org.openqa.selenium.remote.ProtocolHandshake createSession
INFORMACIÓN: Detected dialect: W3C
]]></system-err>
  </testcase>
  <testcase name="Seleccionar vuelos" classname="Validar selección de Vuelos" time="47.43">
    <error message="Expected enabled element was not enabled" type="net.thucydides.core.webdriver.exceptions.ElementShouldBeEnabledException">net.thucydides.core.webdriver.exceptions.ElementShouldBeEnabledException: Expected enabled element was not enabled
Caused by: org.openqa.selenium.TimeoutException: Expected condition failed: waiting for By.xpath: (//avail-list-pres/expander-elem[2]//div[@class='recap-price']//button)[1] to be enabled (tried for 5 second(s) with 100 milliseconds interval)
Caused by: org.openqa.selenium.NoSuchElementException: 
no such element: Unable to locate element: {"method":"xpath","selector":"(//avail-list-pres/expander-elem[2]//div[@class='recap-price']//button)[1]"}
  (Session info: chrome=89.0.4389.82)
For documentation on this error, please visit: https://www.seleniumhq.org/exceptions/no_such_element.html
Build info: version: '3.141.59', revision: 'e82be7d358', time: '2018-11-14T08:17:03'
System info: host: 'edison-HP-240', ip: '127.0.1.1', os.name: 'Linux', os.arch: 'amd64', os.version: '5.8.0-44-generic', java.version: '11.0.10'
Driver info: org.openqa.selenium.chrome.ChromeDriver
Capabilities {acceptInsecureCerts: false, browserName: chrome, browserVersion: 89.0.4389.82, chrome: {chromedriverVersion: 89.0.4389.23 (61b08ee2c5002..., userDataDir: /tmp/.com.google.Chrome.0kkmz4}, goog:chromeOptions: {debuggerAddress: localhost:38193}, javascriptEnabled: true, networkConnectionEnabled: false, pageLoadStrategy: normal, platform: LINUX, platformName: LINUX, proxy: Proxy(), setWindowRect: true, strictFileInteractability: false, timeouts: {implicit: 0, pageLoad: 300000, script: 30000}, unhandledPromptBehavior: dismiss and notify, webauthn:extension:largeBlob: true, webauthn:virtualAuthenticators: true}
Session ID: f55a410f6dcafffa48831086794c396a
*** Element info: {Using=xpath, value=(//avail-list-pres/expander-elem[2]//div[@class='recap-price']//button)[1]}
</error>
    <system-err><![CDATA[mar. 14, 2021 8:20:52 P. M. org.openqa.selenium.remote.DesiredCapabilities chrome
INFORMACIÓN: Using `new ChromeOptions()` is preferred to `DesiredCapabilities.chrome()`
Starting ChromeDriver 89.0.4389.23 (61b08ee2c50024bab004e48d2b1b083cdbdac579-refs/branch-heads/4389@{#294}) on port 14508
Only local connections are allowed.
Please see https://chromedriver.chromium.org/security-considerations for suggestions on keeping ChromeDriver safe.
ChromeDriver was started successfully.
mar. 14, 2021 8:20:53 P. M. org.openqa.selenium.remote.ProtocolHandshake createSession
INFORMACIÓN: Detected dialect: W3C
]]></system-err>
  </testcase>
</testsuite>